INFO:root:end_time;epoch;filenamme;best_validation_score;test_score;activation
INFO:root:322.508338792;10;../data/models/best_model_mlp_10_blur_test.pkl;4.23;4.65;Elemwise{tanh,no_inplace}
INFO:root:-----------------------------------------
INFO:root:660.572041861;20;../data/models/best_model_mlp_20_blur_test.pkl;3.04;3.13;Elemwise{tanh,no_inplace}
INFO:root:-----------------------------------------
INFO:root:995.984596982;30;../data/models/best_model_mlp_30_blur_test.pkl;2.49;2.61;Elemwise{tanh,no_inplace}
INFO:root:-----------------------------------------
INFO:root:1330.04028876;40;../data/models/best_model_mlp_40_blur_test.pkl;2.32;2.25;Elemwise{tanh,no_inplace}
INFO:root:-----------------------------------------
INFO:root:1663.77293004;50;../data/models/best_model_mlp_50_blur_test.pkl;2.22;2.12;Elemwise{tanh,no_inplace}
INFO:root:-----------------------------------------
INFO:root:1992.70376855;60;../data/models/best_model_mlp_60_blur_test.pkl;2.09;2.07;Elemwise{tanh,no_inplace}
INFO:root:-----------------------------------------
INFO:root:2314.522157;70;../data/models/best_model_mlp_70_blur_test.pkl;2.04;1.99;Elemwise{tanh,no_inplace}
INFO:root:-----------------------------------------
INFO:root:2639.21226363;80;../data/models/best_model_mlp_80_blur_test.pkl;1.99;1.97;Elemwise{tanh,no_inplace}
INFO:root:-----------------------------------------
INFO:root:2955.82326511;90;../data/models/best_model_mlp_90_blur_test.pkl;1.98;1.88;Elemwise{tanh,no_inplace}
INFO:root:-----------------------------------------
INFO:root:3271.87132676;100;../data/models/best_model_mlp_100_blur_test.pkl;1.98;1.88;Elemwise{tanh,no_inplace}
INFO:root:-----------------------------------------
INFO:root:1264.19734721;5;../data/models/best_model_convolutional_mlp_5_zero_blur_test.pkl;2.13;2.01
INFO:root:-----------------------------------------
INFO:root:2419.64798766;10;../data/models/best_model_convolutional_mlp_10_zero_blur_test.pkl;1.65;1.42
INFO:root:-----------------------------------------
INFO:root:end_time;epoch;filenamme;best_validation_score;test_score
INFO:root:237.550529607;1;../data/models/best_model_convolutional_mlp_1_zero_blur_test.pkl;6.94;7.02
INFO:root:end_time;epoch;filenamme;best_validation_score;test_score
INFO:root:4.66531932245e-07;-1;test-1_zero.pkl;-100;-100.0
INFO:root:end_time;epoch;filenamme;best_validation_score;test_score
INFO:root:231.593459409;1;../data/models/best_model_convolutional_mlp_1_zero_blur_test.pkl;6.82;6.94
INFO:root:end_time;epoch;filenamme;best_validation_score;test_score
INFO:root:241.586964351;1;../data/models/best_model_convolutional_mlp_1_zero_blur_test.pkl;6.65;6.99
INFO:root:end_time;epoch;filenamme;best_validation_score;test_score
INFO:root:478.659210087;2;../data/models/best_model_convolutional_mlp_2_zero_blur_test.pkl;3.86;4.17
INFO:root:end_time;epoch;filenamme;best_validation_score;test_score
INFO:root:234.727876589;1;../data/models/best_model_convolutional_mlp_1_zero_blur_test.pkl;6.91;7.22
INFO:root:end_time;epoch;filenamme;best_validation_score;test_score
INFO:root:232.606795691;-1;test-1_zero.pkl;-100;-100.0
INFO:root:end_time;epoch;filenamme;best_validation_score;test_score
INFO:root:232.611558982;1;../data/models/best_model_convolutional_mlp_1_zero_blur_test.pkl;6.74;6.97
INFO:root:end_time;epoch;filenamme;best_validation_score;test_score
INFO:root:465.453852527;-1;test-1_zero.pkl;-100;-100.0
INFO:root:end_time;epoch;filenamme;best_validation_score;test_score
INFO:root:465.457094458;2;../data/models/best_model_convolutional_mlp_2_zero_blur_test.pkl;3.86;4.23
INFO:root:end_time;epoch;filenamme;best_validation_score;test_score
INFO:root:237.965087549;-1;test-1_zero.pkl;-100;-100.0
INFO:root:end_time;epoch;filenamme;best_validation_score;test_score
INFO:root:237.969410901;1;../data/models/best_model_convolutional_mlp_1_zero_blur_test.pkl;6.97;7.0
INFO:root:end_time;epoch;filenamme;best_validation_score;test_score
INFO:root:0.00274787308092;-1;test-1_zero.pkl;-100;-100.0
INFO:root:end_time;epoch;filenamme;best_validation_score;test_score
INFO:root:4.66531932245e-07;-1;test-1_zero.pkl;-100;-100.0
INFO:root:end_time;epoch;filenamme;best_validation_score;test_score
INFO:root:4.66531932245e-07;-1;test-1_zero.pkl;-100;-100.0
INFO:root:end_time;epoch;filenamme;best_validation_score;test_score
INFO:root:4.66531932245e-07;-1;test-1_zero.pkl;-100;-100.0
INFO:root:end_time;epoch;filenamme;best_validation_score;test_score
INFO:root:4.66531932245e-07;-1;test-1_zero.pkl;-100;-100.0
INFO:root:end_time;epoch;filenamme;best_validation_score;test_score
INFO:root:4.66531932245e-07;-1;test-1_zero.pkl;-100;-100.0
INFO:root:end_time;epoch;filenamme;best_validation_score;test_score
INFO:root:4.66531932245e-07;-1;test-1_zero.pkl;-100;-100.0
INFO:root:end_time;epoch;filenamme;best_validation_score;test_score
INFO:root:4.66531932245e-07;-1;test-1_zero.pkl;-100;-100.0
INFO:root:end_time;epoch;filenamme;best_validation_score;test_score
INFO:root:4.66531932245e-07;-1;test-1_zero.pkl;-100;-100.0
INFO:root:end_time;epoch;filenamme;best_validation_score;test_score
INFO:root:4.66531932245e-07;-1;test-1_zero.pkl;-100;-100.0
INFO:root:end_time;epoch;filenamme;best_validation_score;test_score
INFO:root:4.66531932245e-07;-1;test-1_zero.pkl;-100;-100.0
INFO:root:end_time;epoch;filenamme;best_validation_score;test_score
INFO:root:242.060068785;1;../data/models/best_model_convolutional_mlp_1_zero_blur_test.pkl;6.77;6.99
INFO:root:end_time;epoch;filenamme;best_validation_score;test_score
INFO:root:4.66531932245e-07;-1;test-1_zero.pkl;-100;-100.0
INFO:root:end_time;epoch;filenamme;best_validation_score;test_score
INFO:root:4.66531932245e-07;-1;test-1_zero.pkl;-100;-100.0
INFO:root:end_time;epoch;filenamme;best_validation_score;test_score
INFO:root:4.66531932245e-07;-1;test-1_zero.pkl;-100;-100.0
INFO:root:end_time;epoch;filenamme;best_validation_score;test_score
INFO:root:4.66531932245e-07;-1;test-1_zero.pkl;-100;-100.0
INFO:root:end_time;epoch;filenamme;best_validation_score;test_score
INFO:root:9.33063864489e-07;-1;test-1_zero.pkl;-100;-100.0
INFO:root:end_time;epoch;filenamme;best_validation_score;test_score
INFO:root:0.00122324672635;-1;test-1_zero.pkl;-100;-100.0
INFO:root:240.889007855;1;../data/models/best_model_convolutional_mlp_1_zero_blur_test.pkl;6.85;7.11
INFO:root:end_time;epoch;filenamme;best_validation_score;test_score
INFO:root:481.810380895;2;../data/models/best_model_convolutional_mlp_2_zero_blur_test.pkl;3.85;4.22
INFO:root:end_time;epoch;filenamme;best_validation_score;test_score
INFO:root:712.671866165;3;../data/models/best_model_convolutional_mlp_3_zero_blur_test.pkl;2.89;3.04
INFO:root:942.381667908;4;../data/models/best_model_convolutional_mlp_4_zero_blur_test.pkl;2.47;2.38
INFO:root:4.66531932245e-07;-1;test-1_zero.pkl;-100;-100.0
INFO:root:0.00103336822992;-1;test-1_zero.pkl;-100;-100.0
INFO:root:end_time;epoch;filenamme;best_validation_score;test_score
INFO:root:4.66531932245e-07;-1;test-1_zero.pkl;-100;-100.0
INFO:root:end_time;epoch;filenamme;best_validation_score;test_score
INFO:root:0.00144298326643;-1;test-1_zero.pkl;-100;-100.0
INFO:root:end_time;epoch;filenamme;best_validation_score;test_score
INFO:root:1186.77648968;5;../data/models/best_model_convolutional_mlp_5_zero_blur_test.pkl;2.14;2.07
INFO:root:end_time;epoch;filenamme;best_validation_score;test_score
INFO:root:0.0;-1;test-1_zero.pkl;-100;-100.0
INFO:root:end_time;epoch;filenamme;best_validation_score;test_score
INFO:root:0.00119058949109;-1;test-1_zero.pkl;-100;-100.0
INFO:root:end_time;epoch;filenamme;best_validation_score;test_score
INFO:root:1425.46806542;6;../data/models/best_model_convolutional_mlp_6_zero_blur_test.pkl;1.99;1.86
INFO:root:end_time;epoch;filenamme;best_validation_score;test_score
INFO:root:4.66531932245e-07;-1;test-1_zero.pkl;-100;-100.0
INFO:root:end_time;epoch;filenamme;best_validation_score;test_score
INFO:root:0.00105576176267;-1;test-1_zero.pkl;-100;-100.0
INFO:root:end_time;epoch;filenamme;best_validation_score;test_score
INFO:root:0.0;-1;test-1_zero.pkl;-100;-100.0
INFO:root:end_time;epoch;filenamme;best_validation_score;test_score
INFO:root:0.00094566022666;-1;test-1_zero.pkl;-100;-100.0
INFO:root:end_time;epoch;filenamme;best_validation_score;test_score
INFO:root:0.0;-1;test-1_zero.pkl;-100;-100.0
INFO:root:end_time;epoch;filenamme;best_validation_score;test_score
INFO:root:4.66531932245e-07;-1;test-1_zero.pkl;-100;-100.0
INFO:root:end_time;epoch;filenamme;best_validation_score;test_score
INFO:root:0.0;-1;test-1_zero.pkl;-100;-100.0
INFO:root:end_time;epoch;filenamme;best_validation_score;test_score
INFO:root:4.66531932245e-07;-1;test-1_zero.pkl;-100;-100.0
INFO:root:39.6511834049;1;../data/models/best_model_mlp_1_zero_blur_test.pkl;8.95;9.37
INFO:root:71.5992966565;2;../data/models/best_model_mlp_2_zero_blur_test.pkl;8.08;8.12
INFO:root:end_time;epoch;filenamme;best_validation_score;test_score
INFO:root:4.66531932245e-07;-1;test-1_zero.pkl;-100;-100.0
INFO:root:39.6930919684;1;../data/models/best_model_mlp_1_zero_blur_test.pkl;8.86;9.08
INFO:root:72.0534365675;2;../data/models/best_model_mlp_2_zero_blur_test.pkl;8.02;8.05
INFO:root:104.833332867;3;../data/models/best_model_mlp_3_zero_blur_test.pkl;7.47;7.48
INFO:root:end_time;epoch;filenamme;best_validation_score;test_score
INFO:root:4.66531932245e-07;-1;test-1_zero.pkl;-100;-100.0
INFO:root:4.66531932245e-07;-1;test-1_zero.pkl;-100;-100.0
INFO:theano.gof.cmodule:g++ -march=native selected lines: ['c:/users/tito/anaconda2/mingw/bin/../libexec/gcc/x86_64-w64-mingw32/4.7.0/cc1.exe -E -quiet -v -iprefix c:\\users\\tito\\anaconda2\\mingw\\bin\\../lib/gcc/x86_64-w64-mingw32/4.7.0/ -U_REENTRANT - -march=corei7-avx -mcx16 -msahf -mmovbe -maes -mpclmul -mpopcnt -mabm -mno-lwp -mfma -mno-fma4 -mno-xop -mbmi -mbmi2 -mno-tbm -mavx -mavx2 -msse4.2 -msse4.1 -mlzcnt --param l1-cache-size=32 --param l1-cache-line-size=64 --param l2-cache-size=3072 -mtune=generic']
INFO:theano.gof.cmodule:g++ default lines: ['c:/users/tito/anaconda2/mingw/bin/../libexec/gcc/x86_64-w64-mingw32/4.7.0/cc1.exe -E -quiet -v -iprefix c:\\users\\tito\\anaconda2\\mingw\\bin\\../lib/gcc/x86_64-w64-mingw32/4.7.0/ -U_REENTRANT - -mtune=generic -march=x86-64']
INFO:theano.gof.cmodule:g++ -march=native equivalent flags: ['-march=corei7', '-mcx16', '-msahf', '-mmovbe', '-maes', '-mpclmul', '-mpopcnt', '-mabm', '-mno-lwp', '-mfma', '-mno-fma4', '-mno-xop', '-mbmi', '-mbmi2', '-mno-tbm', '-mavx', '-mavx2', '-msse4.2', '-msse4.1', '-mlzcnt', '--param', 'l1-cache-size=32', '--param', 'l1-cache-line-size=64', '--param', 'l2-cache-size=3072', '-mtune=generic']
INFO:theano.tensor.blas:Not Mac OS, no sdot_ bug
INFO:root:end_time;epoch;filenamme;best_validation_score;test_score
INFO:root:4.66531932245e-07;-1;test-1_zero.pkl;-100;-100.0
INFO:theano.gof.cmodule:g++ -march=native selected lines: ['c:/users/tito/anaconda2/mingw/bin/../libexec/gcc/x86_64-w64-mingw32/4.7.0/cc1.exe -E -quiet -v -iprefix c:\\users\\tito\\anaconda2\\mingw\\bin\\../lib/gcc/x86_64-w64-mingw32/4.7.0/ -U_REENTRANT - -march=corei7-avx -mcx16 -msahf -mmovbe -maes -mpclmul -mpopcnt -mabm -mno-lwp -mfma -mno-fma4 -mno-xop -mbmi -mbmi2 -mno-tbm -mavx -mavx2 -msse4.2 -msse4.1 -mlzcnt --param l1-cache-size=32 --param l1-cache-line-size=64 --param l2-cache-size=3072 -mtune=generic']
INFO:theano.gof.cmodule:g++ default lines: ['c:/users/tito/anaconda2/mingw/bin/../libexec/gcc/x86_64-w64-mingw32/4.7.0/cc1.exe -E -quiet -v -iprefix c:\\users\\tito\\anaconda2\\mingw\\bin\\../lib/gcc/x86_64-w64-mingw32/4.7.0/ -U_REENTRANT - -mtune=generic -march=x86-64']
INFO:theano.gof.cmodule:g++ -march=native equivalent flags: ['-march=corei7', '-mcx16', '-msahf', '-mmovbe', '-maes', '-mpclmul', '-mpopcnt', '-mabm', '-mno-lwp', '-mfma', '-mno-fma4', '-mno-xop', '-mbmi', '-mbmi2', '-mno-tbm', '-mavx', '-mavx2', '-msse4.2', '-msse4.1', '-mlzcnt', '--param', 'l1-cache-size=32', '--param', 'l1-cache-line-size=64', '--param', 'l2-cache-size=3072', '-mtune=generic']
INFO:theano.tensor.blas:Not Mac OS, no sdot_ bug
INFO:root:39.8448762664;1;../data/models/best_model_mlp_1_zero_blur_test.pkl;8.87;8.9
INFO:root:4.66531932245e-07;-1;test-1_zero.pkl;-100;-100.0
INFO:theano.gof.cmodule:g++ -march=native selected lines: ['c:/users/tito/anaconda2/mingw/bin/../libexec/gcc/x86_64-w64-mingw32/4.7.0/cc1.exe -E -quiet -v -iprefix c:\\users\\tito\\anaconda2\\mingw\\bin\\../lib/gcc/x86_64-w64-mingw32/4.7.0/ -U_REENTRANT - -march=corei7-avx -mcx16 -msahf -mmovbe -maes -mpclmul -mpopcnt -mabm -mno-lwp -mfma -mno-fma4 -mno-xop -mbmi -mbmi2 -mno-tbm -mavx -mavx2 -msse4.2 -msse4.1 -mlzcnt --param l1-cache-size=32 --param l1-cache-line-size=64 --param l2-cache-size=3072 -mtune=generic']
INFO:theano.gof.cmodule:g++ default lines: ['c:/users/tito/anaconda2/mingw/bin/../libexec/gcc/x86_64-w64-mingw32/4.7.0/cc1.exe -E -quiet -v -iprefix c:\\users\\tito\\anaconda2\\mingw\\bin\\../lib/gcc/x86_64-w64-mingw32/4.7.0/ -U_REENTRANT - -mtune=generic -march=x86-64']
INFO:theano.gof.cmodule:g++ -march=native equivalent flags: ['-march=corei7', '-mcx16', '-msahf', '-mmovbe', '-maes', '-mpclmul', '-mpopcnt', '-mabm', '-mno-lwp', '-mfma', '-mno-fma4', '-mno-xop', '-mbmi', '-mbmi2', '-mno-tbm', '-mavx', '-mavx2', '-msse4.2', '-msse4.1', '-mlzcnt', '--param', 'l1-cache-size=32', '--param', 'l1-cache-line-size=64', '--param', 'l2-cache-size=3072', '-mtune=generic']
INFO:theano.tensor.blas:Not Mac OS, no sdot_ bug
INFO:root:end_time;epoch;filenamme;best_validation_score;test_score
INFO:root:0.0;-1;test-1_zero.pkl;-100;-100.0
INFO:theano.gof.cmodule:g++ -march=native selected lines: ['c:/users/tito/anaconda2/mingw/bin/../libexec/gcc/x86_64-w64-mingw32/4.7.0/cc1.exe -E -quiet -v -iprefix c:\\users\\tito\\anaconda2\\mingw\\bin\\../lib/gcc/x86_64-w64-mingw32/4.7.0/ -U_REENTRANT - -march=corei7-avx -mcx16 -msahf -mmovbe -maes -mpclmul -mpopcnt -mabm -mno-lwp -mfma -mno-fma4 -mno-xop -mbmi -mbmi2 -mno-tbm -mavx -mavx2 -msse4.2 -msse4.1 -mlzcnt --param l1-cache-size=32 --param l1-cache-line-size=64 --param l2-cache-size=3072 -mtune=generic']
INFO:theano.gof.cmodule:g++ default lines: ['c:/users/tito/anaconda2/mingw/bin/../libexec/gcc/x86_64-w64-mingw32/4.7.0/cc1.exe -E -quiet -v -iprefix c:\\users\\tito\\anaconda2\\mingw\\bin\\../lib/gcc/x86_64-w64-mingw32/4.7.0/ -U_REENTRANT - -mtune=generic -march=x86-64']
INFO:theano.gof.cmodule:g++ -march=native equivalent flags: ['-march=corei7', '-mcx16', '-msahf', '-mmovbe', '-maes', '-mpclmul', '-mpopcnt', '-mabm', '-mno-lwp', '-mfma', '-mno-fma4', '-mno-xop', '-mbmi', '-mbmi2', '-mno-tbm', '-mavx', '-mavx2', '-msse4.2', '-msse4.1', '-mlzcnt', '--param', 'l1-cache-size=32', '--param', 'l1-cache-line-size=64', '--param', 'l2-cache-size=3072', '-mtune=generic']
INFO:theano.tensor.blas:Not Mac OS, no sdot_ bug
INFO:root:end_time;epoch;filenamme;best_validation_score;test_score
INFO:root:4.66531932245e-07;-1;test-1_zero.pkl;-100;-100.0
INFO:root:end_time;epoch;filenamme;best_validation_score;test_score
INFO:root:0.00136134017829;-1;test-1_zero.pkl;-100;-100.0
INFO:root:end_time;epoch;filenamme;best_validation_score;test_score
INFO:root:4.66531932245e-07;-1;test-1_zero.pkl;-100;-100.0
--------------xxxxxxxxxxxxxxxxxx--------------
INFO:root:31.92060233;1;../data/models/best_model_mlp_1_zero_blur_test.pkl;8.88;9.08
INFO:root:63.9399246831;2;../data/models/best_model_mlp_2_zero_blur_test.pkl;7.93;7.94
INFO:root:96.3005757937;3;../data/models/best_model_mlp_3_zero_blur_test.pkl;7.34;7.41
INFO:root:128.392780232;4;../data/models/best_model_mlp_4_zero_blur_test.pkl;6.85;6.82
INFO:root:160.559693694;5;../data/models/best_model_mlp_5_zero_blur_test.pkl;6.17;6.52
INFO:root:192.768960791;6;../data/models/best_model_mlp_6_zero_blur_test.pkl;5.46;5.96
INFO:root:225.173175254;7;../data/models/best_model_mlp_7_zero_blur_test.pkl;4.99;5.55
INFO:root:257.606110355;8;../data/models/best_model_mlp_8_zero_blur_test.pkl;4.7;5.16
INFO:root:end_time;epoch;filenamme;best_validation_score;test_score
INFO:root:4.66531932245e-07;-1;test-1_zero.pkl;-100;-100.0
INFO:root:4.66531932245e-07;-1;test-1_zero.pkl;-100;-100.0
INFO:root:4.66531932245e-07;-1;test-1_zero.pkl;-100;-100.0
INFO:root:end_time;epoch;filenamme;best_validation_score;test_score
INFO:root:4.66531932245e-07;-1;test-1_zero.pkl;-100;-100.0
INFO:root:end_time;epoch;filenamme;best_validation_score;test_score
INFO:root:4.66531932245e-07;-1;test-1_zero.pkl;-100;-100.0
INFO:root:end_time;epoch;filenamme;best_validation_score;test_score
INFO:root:245.205141555;1;../data/models/best_model_convolutional_mlp_1_zero_blur_test.pkl;6.76;6.93
INFO:root:end_time;epoch;filenamme;best_validation_score;test_score
INFO:root:4.66531932245e-07;-1;test-1_zero.pkl;-100;-100.0
INFO:theano.gof.cmodule:g++ -march=native selected lines: ['c:/users/tito/anaconda2/mingw/bin/../libexec/gcc/x86_64-w64-mingw32/4.7.0/cc1.exe -E -quiet -v -iprefix c:\\users\\tito\\anaconda2\\mingw\\bin\\../lib/gcc/x86_64-w64-mingw32/4.7.0/ -U_REENTRANT - -march=corei7-avx -mcx16 -msahf -mmovbe -maes -mpclmul -mpopcnt -mabm -mno-lwp -mfma -mno-fma4 -mno-xop -mbmi -mbmi2 -mno-tbm -mavx -mavx2 -msse4.2 -msse4.1 -mlzcnt --param l1-cache-size=32 --param l1-cache-line-size=64 --param l2-cache-size=3072 -mtune=generic']
INFO:theano.gof.cmodule:g++ default lines: ['c:/users/tito/anaconda2/mingw/bin/../libexec/gcc/x86_64-w64-mingw32/4.7.0/cc1.exe -E -quiet -v -iprefix c:\\users\\tito\\anaconda2\\mingw\\bin\\../lib/gcc/x86_64-w64-mingw32/4.7.0/ -U_REENTRANT - -mtune=generic -march=x86-64']
INFO:theano.gof.cmodule:g++ -march=native equivalent flags: ['-march=corei7', '-mcx16', '-msahf', '-mmovbe', '-maes', '-mpclmul', '-mpopcnt', '-mabm', '-mno-lwp', '-mfma', '-mno-fma4', '-mno-xop', '-mbmi', '-mbmi2', '-mno-tbm', '-mavx', '-mavx2', '-msse4.2', '-msse4.1', '-mlzcnt', '--param', 'l1-cache-size=32', '--param', 'l1-cache-line-size=64', '--param', 'l2-cache-size=3072', '-mtune=generic']
INFO:theano.tensor.blas:Not Mac OS, no sdot_ bug
INFO:root:end_time;epoch;filenamme;best_validation_score;test_score
INFO:root:4.66531932245e-07;-1;test-1_zero.pkl;-100;-100.0
INFO:theano.gof.cmodule:g++ -march=native selected lines: ['c:/users/tito/anaconda2/mingw/bin/../libexec/gcc/x86_64-w64-mingw32/4.7.0/cc1.exe -E -quiet -v -iprefix c:\\users\\tito\\anaconda2\\mingw\\bin\\../lib/gcc/x86_64-w64-mingw32/4.7.0/ -U_REENTRANT - -march=corei7-avx -mcx16 -msahf -mmovbe -maes -mpclmul -mpopcnt -mabm -mno-lwp -mfma -mno-fma4 -mno-xop -mbmi -mbmi2 -mno-tbm -mavx -mavx2 -msse4.2 -msse4.1 -mlzcnt --param l1-cache-size=32 --param l1-cache-line-size=64 --param l2-cache-size=3072 -mtune=generic']
INFO:theano.gof.cmodule:g++ default lines: ['c:/users/tito/anaconda2/mingw/bin/../libexec/gcc/x86_64-w64-mingw32/4.7.0/cc1.exe -E -quiet -v -iprefix c:\\users\\tito\\anaconda2\\mingw\\bin\\../lib/gcc/x86_64-w64-mingw32/4.7.0/ -U_REENTRANT - -mtune=generic -march=x86-64']
INFO:theano.gof.cmodule:g++ -march=native equivalent flags: ['-march=corei7', '-mcx16', '-msahf', '-mmovbe', '-maes', '-mpclmul', '-mpopcnt', '-mabm', '-mno-lwp', '-mfma', '-mno-fma4', '-mno-xop', '-mbmi', '-mbmi2', '-mno-tbm', '-mavx', '-mavx2', '-msse4.2', '-msse4.1', '-mlzcnt', '--param', 'l1-cache-size=32', '--param', 'l1-cache-line-size=64', '--param', 'l2-cache-size=3072', '-mtune=generic']
INFO:theano.tensor.blas:Not Mac OS, no sdot_ bug
INFO:root:end_time;epoch;filenamme;best_validation_score;test_score
INFO:root:4.66531932245e-07;-1;test-1_zero.pkl;-100;-100.0
INFO:root:end_time;epoch;filenamme;best_validation_score;test_score
INFO:root:0.0;-1;test-1_zero.pkl;-100;-100.0
INFO:root:end_time;epoch;filenamme;best_validation_score;test_score
INFO:root:574.015944195;2;../data/models/best_model_convolutional_mlp_2_zero_blur_test.pkl;3.9;4.22
INFO:root:end_time;epoch;filenamme;best_validation_score;test_score
INFO:root:352.77234688;1;../data/models/best_model_convolutional_mlp_1_zero_blur_test.pkl;6.97;7.14
INFO:root:end_time;epoch;filenamme;best_validation_score;test_score
INFO:root:0.0;-1;test-1_zero.pkl;-100;-100.0
INFO:root:end_time;epoch;filenamme;best_validation_score;test_score
INFO:root:4.66531932245e-07;-1;test-1_zero.pkl;-100;-100.0
INFO:root:end_time;epoch;filenamme;best_validation_score;test_score
INFO:root:4.66531932245e-07;-1;test-1_zero.pkl;-100;-100.0
INFO:root:end_time;epoch;filenamme;best_validation_score;test_score
INFO:root:4.66531932245e-07;-1;test-1_zero.pkl;-100;-100.0
INFO:root:end_time;epoch;filenamme;best_validation_score;test_score
INFO:root:4.66531932245e-07;-1;test-1_zero.pkl;-100;-100.0
INFO:root:end_time;epoch;filenamme;best_validation_score;test_score
INFO:root:4.66531932245e-07;-1;test-1_zero.pkl;-100;-100.0
INFO:root:end_time;epoch;filenamme;best_validation_score;test_score
INFO:root:0.0;-1;test-1_zero.pkl;-100;-100.0
INFO:root:end_time;epoch;filenamme;best_validation_score;test_score
INFO:root:4.66531932245e-07;-1;test-1_zero.pkl;-100;-100.0
INFO:root:4.66531932245e-07;-1;test-1_zero.pkl;-100;-100.0
INFO:root:end_time;epoch;filenamme;best_validation_score;test_score
INFO:root:4.66531932245e-07;-1;test-1_zero.pkl;-100;-100.0
INFO:root:end_time;epoch;filenamme;best_validation_score;test_score
INFO:root:4.66531932245e-07;-1;test-1_zero.pkl;-100;-100.0
INFO:theano.gof.cmodule:g++ -march=native selected lines: ['c:/users/tito/anaconda2/mingw/bin/../libexec/gcc/x86_64-w64-mingw32/4.7.0/cc1.exe -E -quiet -v -iprefix c:\\users\\tito\\anaconda2\\mingw\\bin\\../lib/gcc/x86_64-w64-mingw32/4.7.0/ -U_REENTRANT - -march=corei7-avx -mcx16 -msahf -mmovbe -maes -mpclmul -mpopcnt -mabm -mno-lwp -mfma -mno-fma4 -mno-xop -mbmi -mbmi2 -mno-tbm -mavx -mavx2 -msse4.2 -msse4.1 -mlzcnt --param l1-cache-size=32 --param l1-cache-line-size=64 --param l2-cache-size=3072 -mtune=generic']
INFO:theano.gof.cmodule:g++ default lines: ['c:/users/tito/anaconda2/mingw/bin/../libexec/gcc/x86_64-w64-mingw32/4.7.0/cc1.exe -E -quiet -v -iprefix c:\\users\\tito\\anaconda2\\mingw\\bin\\../lib/gcc/x86_64-w64-mingw32/4.7.0/ -U_REENTRANT - -mtune=generic -march=x86-64']
INFO:theano.gof.cmodule:g++ -march=native equivalent flags: ['-march=corei7', '-mcx16', '-msahf', '-mmovbe', '-maes', '-mpclmul', '-mpopcnt', '-mabm', '-mno-lwp', '-mfma', '-mno-fma4', '-mno-xop', '-mbmi', '-mbmi2', '-mno-tbm', '-mavx', '-mavx2', '-msse4.2', '-msse4.1', '-mlzcnt', '--param', 'l1-cache-size=32', '--param', 'l1-cache-line-size=64', '--param', 'l2-cache-size=3072', '-mtune=generic']
INFO:theano.tensor.blas:Not Mac OS, no sdot_ bug
INFO:root:end_time;epoch;filenamme;best_validation_score;test_score
INFO:root:4.66531932245e-07;-1;test-1_zero.pkl;-100;-100.0
INFO:theano.gof.cmodule:g++ -march=native selected lines: ['c:/users/tito/anaconda2/mingw/bin/../libexec/gcc/x86_64-w64-mingw32/4.7.0/cc1.exe -E -quiet -v -iprefix c:\\users\\tito\\anaconda2\\mingw\\bin\\../lib/gcc/x86_64-w64-mingw32/4.7.0/ -U_REENTRANT - -march=corei7-avx -mcx16 -msahf -mmovbe -maes -mpclmul -mpopcnt -mabm -mno-lwp -mfma -mno-fma4 -mno-xop -mbmi -mbmi2 -mno-tbm -mavx -mavx2 -msse4.2 -msse4.1 -mlzcnt --param l1-cache-size=32 --param l1-cache-line-size=64 --param l2-cache-size=3072 -mtune=generic']
INFO:theano.gof.cmodule:g++ default lines: ['c:/users/tito/anaconda2/mingw/bin/../libexec/gcc/x86_64-w64-mingw32/4.7.0/cc1.exe -E -quiet -v -iprefix c:\\users\\tito\\anaconda2\\mingw\\bin\\../lib/gcc/x86_64-w64-mingw32/4.7.0/ -U_REENTRANT - -mtune=generic -march=x86-64']
INFO:theano.gof.cmodule:g++ -march=native equivalent flags: ['-march=corei7', '-mcx16', '-msahf', '-mmovbe', '-maes', '-mpclmul', '-mpopcnt', '-mabm', '-mno-lwp', '-mfma', '-mno-fma4', '-mno-xop', '-mbmi', '-mbmi2', '-mno-tbm', '-mavx', '-mavx2', '-msse4.2', '-msse4.1', '-mlzcnt', '--param', 'l1-cache-size=32', '--param', 'l1-cache-line-size=64', '--param', 'l2-cache-size=3072', '-mtune=generic']
INFO:theano.tensor.blas:Not Mac OS, no sdot_ bug
INFO:root:end_time;epoch;filenamme;best_validation_score;test_score
INFO:root:4.66531932245e-07;-1;test-1_zero.pkl;-100;-100.0
INFO:theano.gof.cmodule:g++ -march=native selected lines: ['c:/users/tito/anaconda2/mingw/bin/../libexec/gcc/x86_64-w64-mingw32/4.7.0/cc1.exe -E -quiet -v -iprefix c:\\users\\tito\\anaconda2\\mingw\\bin\\../lib/gcc/x86_64-w64-mingw32/4.7.0/ -U_REENTRANT - -march=corei7-avx -mcx16 -msahf -mmovbe -maes -mpclmul -mpopcnt -mabm -mno-lwp -mfma -mno-fma4 -mno-xop -mbmi -mbmi2 -mno-tbm -mavx -mavx2 -msse4.2 -msse4.1 -mlzcnt --param l1-cache-size=32 --param l1-cache-line-size=64 --param l2-cache-size=3072 -mtune=generic']
INFO:theano.gof.cmodule:g++ default lines: ['c:/users/tito/anaconda2/mingw/bin/../libexec/gcc/x86_64-w64-mingw32/4.7.0/cc1.exe -E -quiet -v -iprefix c:\\users\\tito\\anaconda2\\mingw\\bin\\../lib/gcc/x86_64-w64-mingw32/4.7.0/ -U_REENTRANT - -mtune=generic -march=x86-64']
INFO:theano.gof.cmodule:g++ -march=native equivalent flags: ['-march=corei7', '-mcx16', '-msahf', '-mmovbe', '-maes', '-mpclmul', '-mpopcnt', '-mabm', '-mno-lwp', '-mfma', '-mno-fma4', '-mno-xop', '-mbmi', '-mbmi2', '-mno-tbm', '-mavx', '-mavx2', '-msse4.2', '-msse4.1', '-mlzcnt', '--param', 'l1-cache-size=32', '--param', 'l1-cache-line-size=64', '--param', 'l2-cache-size=3072', '-mtune=generic']
INFO:theano.tensor.blas:Not Mac OS, no sdot_ bug
INFO:root:end_time;epoch;filenamme;best_validation_score;test_score
INFO:root:4.66531932245e-07;-1;test-1_zero.pkl;-100;-100.0
INFO:root:end_time;epoch;filenamme;best_validation_score;test_score
INFO:root:4.66531932245e-07;-1;test-1_zero.pkl;-100;-100.0
INFO:theano.gof.cmodule:g++ -march=native selected lines: ['c:/users/tito/anaconda2/mingw/bin/../libexec/gcc/x86_64-w64-mingw32/4.7.0/cc1.exe -E -quiet -v -iprefix c:\\users\\tito\\anaconda2\\mingw\\bin\\../lib/gcc/x86_64-w64-mingw32/4.7.0/ -U_REENTRANT - -march=corei7-avx -mcx16 -msahf -mmovbe -maes -mpclmul -mpopcnt -mabm -mno-lwp -mfma -mno-fma4 -mno-xop -mbmi -mbmi2 -mno-tbm -mavx -mavx2 -msse4.2 -msse4.1 -mlzcnt --param l1-cache-size=32 --param l1-cache-line-size=64 --param l2-cache-size=3072 -mtune=generic']
INFO:theano.gof.cmodule:g++ default lines: ['c:/users/tito/anaconda2/mingw/bin/../libexec/gcc/x86_64-w64-mingw32/4.7.0/cc1.exe -E -quiet -v -iprefix c:\\users\\tito\\anaconda2\\mingw\\bin\\../lib/gcc/x86_64-w64-mingw32/4.7.0/ -U_REENTRANT - -mtune=generic -march=x86-64']
INFO:theano.gof.cmodule:g++ -march=native equivalent flags: ['-march=corei7', '-mcx16', '-msahf', '-mmovbe', '-maes', '-mpclmul', '-mpopcnt', '-mabm', '-mno-lwp', '-mfma', '-mno-fma4', '-mno-xop', '-mbmi', '-mbmi2', '-mno-tbm', '-mavx', '-mavx2', '-msse4.2', '-msse4.1', '-mlzcnt', '--param', 'l1-cache-size=32', '--param', 'l1-cache-line-size=64', '--param', 'l2-cache-size=3072', '-mtune=generic']
INFO:theano.tensor.blas:Not Mac OS, no sdot_ bug
INFO:root:end_time;epoch;filenamme;best_validation_score;test_score
INFO:root:4.66531932245e-07;-1;test-1_zero.pkl;-100;-100.0
INFO:theano.gof.cmodule:g++ -march=native selected lines: ['c:/users/tito/anaconda2/mingw/bin/../libexec/gcc/x86_64-w64-mingw32/4.7.0/cc1.exe -E -quiet -v -iprefix c:\\users\\tito\\anaconda2\\mingw\\bin\\../lib/gcc/x86_64-w64-mingw32/4.7.0/ -U_REENTRANT - -march=corei7-avx -mcx16 -msahf -mmovbe -maes -mpclmul -mpopcnt -mabm -mno-lwp -mfma -mno-fma4 -mno-xop -mbmi -mbmi2 -mno-tbm -mavx -mavx2 -msse4.2 -msse4.1 -mlzcnt --param l1-cache-size=32 --param l1-cache-line-size=64 --param l2-cache-size=3072 -mtune=generic']
INFO:theano.gof.cmodule:g++ default lines: ['c:/users/tito/anaconda2/mingw/bin/../libexec/gcc/x86_64-w64-mingw32/4.7.0/cc1.exe -E -quiet -v -iprefix c:\\users\\tito\\anaconda2\\mingw\\bin\\../lib/gcc/x86_64-w64-mingw32/4.7.0/ -U_REENTRANT - -mtune=generic -march=x86-64']
INFO:theano.gof.cmodule:g++ -march=native equivalent flags: ['-march=corei7', '-mcx16', '-msahf', '-mmovbe', '-maes', '-mpclmul', '-mpopcnt', '-mabm', '-mno-lwp', '-mfma', '-mno-fma4', '-mno-xop', '-mbmi', '-mbmi2', '-mno-tbm', '-mavx', '-mavx2', '-msse4.2', '-msse4.1', '-mlzcnt', '--param', 'l1-cache-size=32', '--param', 'l1-cache-line-size=64', '--param', 'l2-cache-size=3072', '-mtune=generic']
INFO:theano.tensor.blas:Not Mac OS, no sdot_ bug
INFO:root:end_time;epoch;filenamme;best_validation_score;test_score
INFO:root:4.66531932245e-07;-1;test-1_zero.pkl;-100;-100.0
INFO:theano.gof.cmodule:g++ -march=native selected lines: ['c:/users/tito/anaconda2/mingw/bin/../libexec/gcc/x86_64-w64-mingw32/4.7.0/cc1.exe -E -quiet -v -iprefix c:\\users\\tito\\anaconda2\\mingw\\bin\\../lib/gcc/x86_64-w64-mingw32/4.7.0/ -U_REENTRANT - -march=corei7-avx -mcx16 -msahf -mmovbe -maes -mpclmul -mpopcnt -mabm -mno-lwp -mfma -mno-fma4 -mno-xop -mbmi -mbmi2 -mno-tbm -mavx -mavx2 -msse4.2 -msse4.1 -mlzcnt --param l1-cache-size=32 --param l1-cache-line-size=64 --param l2-cache-size=3072 -mtune=generic']
INFO:theano.gof.cmodule:g++ default lines: ['c:/users/tito/anaconda2/mingw/bin/../libexec/gcc/x86_64-w64-mingw32/4.7.0/cc1.exe -E -quiet -v -iprefix c:\\users\\tito\\anaconda2\\mingw\\bin\\../lib/gcc/x86_64-w64-mingw32/4.7.0/ -U_REENTRANT - -mtune=generic -march=x86-64']
INFO:theano.gof.cmodule:g++ -march=native equivalent flags: ['-march=corei7', '-mcx16', '-msahf', '-mmovbe', '-maes', '-mpclmul', '-mpopcnt', '-mabm', '-mno-lwp', '-mfma', '-mno-fma4', '-mno-xop', '-mbmi', '-mbmi2', '-mno-tbm', '-mavx', '-mavx2', '-msse4.2', '-msse4.1', '-mlzcnt', '--param', 'l1-cache-size=32', '--param', 'l1-cache-line-size=64', '--param', 'l2-cache-size=3072', '-mtune=generic']
INFO:theano.tensor.blas:Not Mac OS, no sdot_ bug
INFO:root:end_time;epoch;filenamme;best_validation_score;test_score
INFO:root:4.66531932245e-07;-1;test-1_zero.pkl;-100;-100.0
INFO:root:end_time;epoch;filenamme;best_validation_score;test_score
INFO:root:4.66531932245e-07;-1;test-1_zero.pkl;-100;-100.0
INFO:root:end_time;epoch;filenamme;best_validation_score;test_score
INFO:root:332.924842639;1;../data/models/best_model_convolutional_mlp_1_zero_blur_test.pkl;6.86;7.04
INFO:root:end_time;epoch;filenamme;best_validation_score;test_score
INFO:root:4.66531932245e-07;-1;test-1_zero.pkl;-100;-100.0
INFO:root:end_time;epoch;filenamme;best_validation_score;test_score
INFO:root:376.61269592;1;../data/models/best_model_convolutional_mlp_1_zero_blur_test.pkl;6.89;7.05
INFO:root:end_time;epoch;filenamme;best_validation_score;test_score
INFO:root:4.66531932245e-07;-1;test-1_zero.pkl;-100;-100.0
INFO:root:end_time;epoch;filenamme;best_validation_score;test_score
INFO:root:9.33063864489e-07;-1;test-1_zero.pkl;-100;-100.0
INFO:root:end_time;epoch;filenamme;best_validation_score;test_score
INFO:root:396.067150274;1;../data/models/best_model_convolutional_mlp_1_zero_blur_test.pkl;6.89;6.97
INFO:root:end_time;epoch;filenamme;best_validation_score;test_score
INFO:root:4.66531932245e-07;-1;test-1_zero.pkl;-100;-100.0
INFO:root:end_time;epoch;filenamme;best_validation_score;test_score
INFO:root:4.66531932245e-07;-1;test-1_zero.pkl;-100;-100.0
INFO:root:end_time;epoch;filenamme;best_validation_score;test_score
INFO:root:4.66531932245e-07;-1;test-1_zero.pkl;-100;-100.0
INFO:root:end_time;epoch;filenamme;best_validation_score;test_score
INFO:root:4.66531932245e-07;-1;test-1_zero.pkl;-100;-100.0
INFO:root:end_time;epoch;filenamme;best_validation_score;test_score
INFO:root:716.169892735;2;../data/models/best_model_convolutional_mlp_2_zero_blur_test.pkl;3.79;4.21
INFO:root:end_time;epoch;filenamme;best_validation_score;test_score
INFO:root:4.66531932245e-07;-1;test-1_zero.pkl;-100;-100.0
INFO:root:4.66531932245e-07;-1;test-1_zero.pkl;-100;-100.0
INFO:root:4.66531932245e-07;-1;test-1_zero.pkl;-100;-100.0
INFO:root:765.257597006;2;../data/models/best_model_convolutional_mlp_2_zero_blur_test.pkl;3.89;4.22
INFO:root:end_time;epoch;filenamme;best_validation_score;test_score
INFO:root:4.66531932245e-07;-1;test-1_zero.pkl;-100;-100.0
INFO:root:end_time;epoch;filenamme;best_validation_score;test_score
INFO:root:4.66531932245e-07;-1;test-1_zero.pkl;-100;-100.0
INFO:root:781.994368027;2;../data/models/best_model_convolutional_mlp_2_zero_blur_test.pkl;3.8;4.13
INFO:root:end_time;epoch;filenamme;best_validation_score;test_score
INFO:root:4.66531932245e-07;-1;test-1_zero.pkl;-100;-100.0
INFO:root:end_time;epoch;filenamme;best_validation_score;test_score
INFO:root:4.66531932245e-07;-1;test-1_zero.pkl;-100;-100.0
INFO:root:end_time;epoch;filenamme;best_validation_score;test_score
INFO:root:4.66531932245e-07;-1;test-1_zero.pkl;-100;-100.0
INFO:root:1099.64462583;3;../data/models/best_model_convolutional_mlp_3_zero_blur_test.pkl;2.88;3.01
INFO:root:4.66531932245e-07;-1;test-1_zero.pkl;-100;-100.0
INFO:root:4.66531932245e-07;-1;test-1_zero.pkl;-100;-100.0
INFO:root:0.0;-1;test-1_zero.pkl;-100;-100.0
INFO:root:1147.04234944;3;../data/models/best_model_convolutional_mlp_3_zero_blur_test.pkl;2.84;3.06
INFO:root:4.66531932245e-07;-1;test-1_zero.pkl;-100;-100.0
xxxxxxxxxxxxxxxxxxxxxx
INFO:root:4.66531932245e-07;-1;test-1_zero.pkl;-100;-100.0
INFO:root:1475.92159371;4;../data/models/best_model_convolutional_mlp_4_zero_blur_test.pkl;2.47;2.34
INFO:root:1525.87701705;4;../data/models/best_model_convolutional_mlp_4_zero_blur_test.pkl;2.47;2.45
INFO:root:4.66531932245e-07;-1;test-1_zero.pkl;-100;-100.0
INFO:theano.gof.cmodule:g++ -march=native selected lines: ['c:/users/tito/anaconda2/mingw/bin/../libexec/gcc/x86_64-w64-mingw32/4.7.0/cc1.exe -E -quiet -v -iprefix c:\\users\\tito\\anaconda2\\mingw\\bin\\../lib/gcc/x86_64-w64-mingw32/4.7.0/ -U_REENTRANT - -march=corei7-avx -mcx16 -msahf -mmovbe -maes -mpclmul -mpopcnt -mabm -mno-lwp -mfma -mno-fma4 -mno-xop -mbmi -mbmi2 -mno-tbm -mavx -mavx2 -msse4.2 -msse4.1 -mlzcnt --param l1-cache-size=32 --param l1-cache-line-size=64 --param l2-cache-size=3072 -mtune=generic']
INFO:theano.gof.cmodule:g++ default lines: ['c:/users/tito/anaconda2/mingw/bin/../libexec/gcc/x86_64-w64-mingw32/4.7.0/cc1.exe -E -quiet -v -iprefix c:\\users\\tito\\anaconda2\\mingw\\bin\\../lib/gcc/x86_64-w64-mingw32/4.7.0/ -U_REENTRANT - -mtune=generic -march=x86-64']
INFO:theano.gof.cmodule:g++ -march=native equivalent flags: ['-march=corei7', '-mcx16', '-msahf', '-mmovbe', '-maes', '-mpclmul', '-mpopcnt', '-mabm', '-mno-lwp', '-mfma', '-mno-fma4', '-mno-xop', '-mbmi', '-mbmi2', '-mno-tbm', '-mavx', '-mavx2', '-msse4.2', '-msse4.1', '-mlzcnt', '--param', 'l1-cache-size=32', '--param', 'l1-cache-line-size=64', '--param', 'l2-cache-size=3072', '-mtune=generic']
INFO:theano.tensor.blas:Not Mac OS, no sdot_ bug
INFO:root:1543.79954336;4;../data/models/best_model_convolutional_mlp_4_zero_blur_test.pkl;2.42;2.32
INFO:root:4.66531932245e-07;-1;test-1_zero.pkl;-100;-100.0
INFO:root:4.66531932245e-07;-1;test-1_zero.pkl;-100;-100.0
INFO:root:1860.00572761;5;../data/models/best_model_convolutional_mlp_5_zero_blur_test.pkl;2.18;2.04
INFO:root:4.66531932245e-07;-1;test-1_zero.pkl;-100;-100.0
INFO:root:0.0;-1;test-1_zero.pkl;-100;-100.0
INFO:root:1909.93520058;5;../data/models/best_model_convolutional_mlp_5_zero_blur_test.pkl;2.05;2.09
INFO:root:1921.93704198;5;../data/models/best_model_convolutional_mlp_5_zero_blur_test.pkl;2.14;2.09
INFO:root:end_time;epoch;filenamme;best_validation_score;test_score
INFO:root:2248.43238646;6;../data/models/best_model_convolutional_mlp_6_zero_blur_test.pkl;2.06;1.72
INFO:root:end_time;epoch;filenamme;best_validation_score;test_score
INFO:root:2307.19481161;6;../data/models/best_model_convolutional_mlp_6_zero_blur_test.pkl;1.88;1.81
INFO:root:end_time;epoch;filenamme;best_validation_score;test_score
INFO:root:2348.67554244;6;../data/models/best_model_convolutional_mlp_6_zero_blur_test.pkl;1.99;1.79
INFO:root:end_time;epoch;filenamme;best_validation_score;test_score
INFO:root:2700.58847452;7;../data/models/best_model_convolutional_mlp_7_zero_blur_test.pkl;1.91;1.61
INFO:root:end_time;epoch;filenamme;best_validation_score;test_score
INFO:root:2779.90240199;7;../data/models/best_model_convolutional_mlp_7_zero_blur_test.pkl;1.8;1.71
INFO:root:end_time;epoch;filenamme;best_validation_score;test_score
INFO:root:2821.11411884;7;../data/models/best_model_convolutional_mlp_7_zero_blur_test.pkl;1.91;1.62
INFO:root:end_time;epoch;filenamme;best_validation_score;test_score
INFO:root:3133.28556839;8;../data/models/best_model_convolutional_mlp_8_zero_blur_test.pkl;1.81;1.58
INFO:root:end_time;epoch;filenamme;best_validation_score;test_score
INFO:root:3180.11157998;8;../data/models/best_model_convolutional_mlp_8_zero_blur_test.pkl;1.73;1.64
INFO:root:end_time;epoch;filenamme;best_validation_score;test_score
INFO:root:3190.51144076;8;../data/models/best_model_convolutional_mlp_8_zero_blur_test.pkl;1.8;1.6
INFO:root:4.66531932245e-07;-1;test-1_zero.pkl;-100;-100.0
INFO:root:41.0826820548;1;../data/models/best_model_mlp_1_zero_blur_test.pkl;8.83;8.97
INFO:root:73.5596983591;2;../data/models/best_model_mlp_2_zero_blur_test.pkl;8.14;8.24
INFO:root:105.871268444;3;../data/models/best_model_mlp_3_zero_blur_test.pkl;7.57;7.53
INFO:root:144.38362361;4;../data/models/best_model_mlp_4_zero_blur_test.pkl;6.93;7.19
INFO:root:184.51486464;5;../data/models/best_model_mlp_5_zero_blur_test.pkl;6.23;6.69
INFO:root:217.321028554;6;../data/models/best_model_mlp_6_zero_blur_test.pkl;5.7;6.09
INFO:root:250.878823462;7;../data/models/best_model_mlp_7_zero_blur_test.pkl;5.19;5.69
INFO:root:282.809588724;8;../data/models/best_model_mlp_8_zero_blur_test.pkl;4.86;5.27
INFO:root:314.273063006;9;../data/models/best_model_mlp_9_zero_blur_test.pkl;4.65;4.96
INFO:root:347.36019111;10;../data/models/best_model_mlp_10_zero_blur_test.pkl;4.41;4.67
INFO:root:-----------------------------------------
